[2024-05-20 01:31:28,241] 97 werkzeug - INFO - [31m[1mWARNING: This is a development server. Do not use it in a production deployment. Use a production WSGI server instead.[0m
 * Running on all addresses (0.0.0.0)
 * Running on http://127.0.0.1:5000
 * Running on http://192.168.0.102:5000
[2024-05-20 01:31:28,241] 97 werkzeug - INFO - [33mPress CTRL+C to quit[0m
[2024-05-20 01:31:37,864] 838 app - ERROR - Exception on / [GET]
Traceback (most recent call last):
  File "d:\Coding and Dev\SportsManagement\ParScorePipeline\venv\lib\site-packages\flask\app.py", line 1473, in wsgi_app
    response = self.full_dispatch_request()
  File "d:\Coding and Dev\SportsManagement\ParScorePipeline\venv\lib\site-packages\flask\app.py", line 882, in full_dispatch_request
    rv = self.handle_user_exception(e)
  File "d:\Coding and Dev\SportsManagement\ParScorePipeline\venv\lib\site-packages\flask\app.py", line 880, in full_dispatch_request
    rv = self.dispatch_request()
  File "d:\Coding and Dev\SportsManagement\ParScorePipeline\venv\lib\site-packages\flask\app.py", line 865, in dispatch_request
    return self.ensure_sync(self.view_functions[rule.endpoint])(**view_args)  # type: ignore[no-any-return]
  File "D:\Coding and Dev\SportsManagement\ParScorePipeline\app.py", line 13, in index
    return render_template('index.html')
  File "d:\Coding and Dev\SportsManagement\ParScorePipeline\venv\lib\site-packages\flask\templating.py", line 149, in render_template
    template = app.jinja_env.get_or_select_template(template_name_or_list)
  File "d:\Coding and Dev\SportsManagement\ParScorePipeline\venv\lib\site-packages\jinja2\environment.py", line 1084, in get_or_select_template
    return self.get_template(template_name_or_list, parent, globals)
  File "d:\Coding and Dev\SportsManagement\ParScorePipeline\venv\lib\site-packages\jinja2\environment.py", line 1013, in get_template
    return self._load_template(name, globals)
  File "d:\Coding and Dev\SportsManagement\ParScorePipeline\venv\lib\site-packages\jinja2\environment.py", line 972, in _load_template
    template = self.loader.load(self, name, self.make_globals(globals))
  File "d:\Coding and Dev\SportsManagement\ParScorePipeline\venv\lib\site-packages\jinja2\loaders.py", line 126, in load
    source, filename, uptodate = self.get_source(environment, name)
  File "d:\Coding and Dev\SportsManagement\ParScorePipeline\venv\lib\site-packages\flask\templating.py", line 65, in get_source
    return self._get_source_fast(environment, template)
  File "d:\Coding and Dev\SportsManagement\ParScorePipeline\venv\lib\site-packages\flask\templating.py", line 99, in _get_source_fast
    raise TemplateNotFound(template)
jinja2.exceptions.TemplateNotFound: index.html
[2024-05-20 01:31:37,945] 97 werkzeug - INFO - 127.0.0.1 - - [20/May/2024 01:31:37] "[35m[1mGET / HTTP/1.1[0m" 500 -
[2024-05-20 01:31:38,021] 97 werkzeug - INFO - 127.0.0.1 - - [20/May/2024 01:31:38] "[33mGET /favicon.ico HTTP/1.1[0m" 404 -
[2024-05-20 01:32:27,262] 838 app - ERROR - Exception on / [GET]
Traceback (most recent call last):
  File "d:\Coding and Dev\SportsManagement\ParScorePipeline\venv\lib\site-packages\flask\app.py", line 1473, in wsgi_app
    response = self.full_dispatch_request()
  File "d:\Coding and Dev\SportsManagement\ParScorePipeline\venv\lib\site-packages\flask\app.py", line 882, in full_dispatch_request
    rv = self.handle_user_exception(e)
  File "d:\Coding and Dev\SportsManagement\ParScorePipeline\venv\lib\site-packages\flask\app.py", line 880, in full_dispatch_request
    rv = self.dispatch_request()
  File "d:\Coding and Dev\SportsManagement\ParScorePipeline\venv\lib\site-packages\flask\app.py", line 865, in dispatch_request
    return self.ensure_sync(self.view_functions[rule.endpoint])(**view_args)  # type: ignore[no-any-return]
  File "D:\Coding and Dev\SportsManagement\ParScorePipeline\app.py", line 13, in index
    return render_template('main.html')
  File "d:\Coding and Dev\SportsManagement\ParScorePipeline\venv\lib\site-packages\flask\templating.py", line 149, in render_template
    template = app.jinja_env.get_or_select_template(template_name_or_list)
  File "d:\Coding and Dev\SportsManagement\ParScorePipeline\venv\lib\site-packages\jinja2\environment.py", line 1084, in get_or_select_template
    return self.get_template(template_name_or_list, parent, globals)
  File "d:\Coding and Dev\SportsManagement\ParScorePipeline\venv\lib\site-packages\jinja2\environment.py", line 1013, in get_template
    return self._load_template(name, globals)
  File "d:\Coding and Dev\SportsManagement\ParScorePipeline\venv\lib\site-packages\jinja2\environment.py", line 972, in _load_template
    template = self.loader.load(self, name, self.make_globals(globals))
  File "d:\Coding and Dev\SportsManagement\ParScorePipeline\venv\lib\site-packages\jinja2\loaders.py", line 126, in load
    source, filename, uptodate = self.get_source(environment, name)
  File "d:\Coding and Dev\SportsManagement\ParScorePipeline\venv\lib\site-packages\flask\templating.py", line 65, in get_source
    return self._get_source_fast(environment, template)
  File "d:\Coding and Dev\SportsManagement\ParScorePipeline\venv\lib\site-packages\flask\templating.py", line 99, in _get_source_fast
    raise TemplateNotFound(template)
jinja2.exceptions.TemplateNotFound: index.html
[2024-05-20 01:32:27,266] 97 werkzeug - INFO - 127.0.0.1 - - [20/May/2024 01:32:27] "[35m[1mGET / HTTP/1.1[0m" 500 -
